<?xml version="1.0" encoding="UTF-8"?>
<!-- Generated by org.testng.reporters.JUnitReportReporter -->
<testsuite hostname="DESKTOP-T533J31" failures="0" tests="1" name="testngDemo.Class_actiontst" time="16.258" errors="0" timestamp="2020-03-10T15:01:33 IST" skipped="0">
  <testcase classname="testngDemo.Class_actiontst" name="act" time="16.258"/>
</testsuite> <!-- testngDemo.Class_actiontst -->
