<?xml version="1.0" encoding="UTF-8"?>
<!-- Generated by org.testng.reporters.JUnitReportReporter -->
<testsuite hostname="DESKTOP-T533J31" failures="0" tests="1" name="testngDemo.Class_testng" time="24.131" errors="0" timestamp="2020-03-10T10:19:55 IST" skipped="0">
  <testcase classname="testngDemo.Class_testng" name="befores" time="24.131"/>
</testsuite> <!-- testngDemo.Class_testng -->
